Temp/gradleOut/launcher/build/outputs/logs/manifest-merger-release-report.txt
-- Merging decision tree log ---
manifest
ADDED from src\main\AndroidManifest.xml:3:1-6:12
INJECTED from src\main\AndroidManifest.xml:3:1-6:12
INJECTED from src\main\AndroidManifest.xml:3:1-6:12
INJECTED from src\main\AndroidManifest.xml:3:1-6:12
MERGED from [:unityLibrary] AndroidManifest.xml:2:1-93:12
INJECTED from src\main\AndroidManifest.xml:3:1-6:12
INJECTED from src\main\AndroidManifest.xml:3:1-6:12
INJECTED from src\main\AndroidManifest.xml:3:1-6:12
	package
		ADDED from src\main\AndroidManifest.xml:3:70-121
		INJECTED from src\main\AndroidManifest.xml
		INJECTED from src\main\AndroidManifest.xml
	android:versionName
		INJECTED from src\main\AndroidManifest.xml
		ADDED from src\main\AndroidManifest.xml:3:1-6:12
		INJECTED from src\main\AndroidManifest.xml
	xmlns:tools
		ADDED from src\main\AndroidManifest.xml:3:122-168
	android:versionCode
		INJECTED from src\main\AndroidManifest.xml
		ADDED from src\main\AndroidManifest.xml:3:1-6:12
		INJECTED from src\main\AndroidManifest.xml
	xmlns:android
		ADDED from src\main\AndroidManifest.xml:3:11-69
	android:installLocation
		ADDED from src\main\AndroidManifest.xml:3:169-209
supports-screens
ADDED from src\main\AndroidManifest.xml:4:3-163
	android:largeScreens
		ADDED from src\main\AndroidManifest.xml:4:78-105
	android:smallScreens
		ADDED from src\main\AndroidManifest.xml:4:21-48
	android:normalScreens
		ADDED from src\main\AndroidManifest.xml:4:49-77
	android:xlargeScreens
		ADDED from src\main\AndroidManifest.xml:4:106-134
	android:anyDensity
		ADDED from src\main\AndroidManifest.xml:4:135-160
application
ADDED from src\main\AndroidManifest.xml:5:3-83
MERGED from [:unityLibrary] AndroidManifest.xml:50:5-91:19
MERGED from [:unityLibrary] AndroidManifest.xml:50:5-91:19
	android:label
		ADDED from src\main\AndroidManifest.xml:5:16-48
	android:icon
		ADDED from src\main\AndroidManifest.xml:5:49-80
uses-sdk
INJECTED from src\main\AndroidManifest.xml reason: use-sdk injection requested
INJECTED from src\main\AndroidManifest.xml
INJECTED from src\main\AndroidManifest.xml
MERGED from [:unityLibrary] AndroidManifest.xml:7:5-9:41
MERGED from [:unityLibrary] AndroidManifest.xml:7:5-9:41
INJECTED from src\main\AndroidManifest.xml
INJECTED from src\main\AndroidManifest.xml
	android:targetSdkVersion
		INJECTED from src\main\AndroidManifest.xml
		ADDED from src\main\AndroidManifest.xml
		INJECTED from src\main\AndroidManifest.xml
	android:minSdkVersion
		INJECTED from src\main\AndroidManifest.xml
		ADDED from src\main\AndroidManifest.xml
		INJECTED from src\main\AndroidManifest.xml
uses-feature#android.hardware.sensor.accelerometer
ADDED from [:unityLibrary] AndroidManifest.xml:11:5-13:35
	android:required
		ADDED from [:unityLibrary] AndroidManifest.xml:13:9-32
	android:name
		ADDED from [:unityLibrary] AndroidManifest.xml:12:9-61
uses-feature#android.hardware.sensor.gyroscope
ADDED from [:unityLibrary] AndroidManifest.xml:14:5-16:35
	android:required
		ADDED from [:unityLibrary] AndroidManifest.xml:16:9-32
	android:name
		ADDED from [:unityLibrary] AndroidManifest.xml:15:9-57
uses-permission#android.permission.NFC
ADDED from [:unityLibrary] AndroidManifest.xml:18:5-62
	android:name
		ADDED from [:unityLibrary] AndroidManifest.xml:18:22-59
uses-permission#android.permission.READ_EXTERNAL_STORAGE
ADDED from [:unityLibrary] AndroidManifest.xml:19:5-80
	android:name
		ADDED from [:unityLibrary] AndroidManifest.xml:19:22-77
uses-permission#android.permission.INTERNET
ADDED from [:unityLibrary] AndroidManifest.xml:20:5-67
	android:name
		ADDED from [:unityLibrary] AndroidManifest.xml:20:22-64
uses-permission#android.permission.BLUETOOTH
ADDED from [:unityLibrary] AndroidManifest.xml:21:5-68
	android:name
		ADDED from [:unityLibrary] AndroidManifest.xml:21:22-65
uses-permission#android.permission.BLUETOOTH_ADMIN
ADDED from [:unityLibrary] AndroidManifest.xml:22:5-74
	android:name
		ADDED from [:unityLibrary] AndroidManifest.xml:22:22-71
uses-permission#android.permission.WRITE_EXTERNAL_STORAGE
ADDED from [:unityLibrary] AndroidManifest.xml:23:5-81
	android:name
		ADDED from [:unityLibrary] AndroidManifest.xml:23:22-78
uses-permission#android.permission.ACCESS_NETWORK_STATE
ADDED from [:unityLibrary] AndroidManifest.xml:24:5-79
	android:name
		ADDED from [:unityLibrary] AndroidManifest.xml:24:22-76
uses-permission#android.permission.CHANGE_WIFI_MULTICAST_STATE
ADDED from [:unityLibrary] AndroidManifest.xml:25:5-86
	android:name
		ADDED from [:unityLibrary] AndroidManifest.xml:25:22-83
uses-permission#android.permission.ACCESS_COARSE_LOCATION
ADDED from [:unityLibrary] AndroidManifest.xml:26:5-81
	android:name
		ADDED from [:unityLibrary] AndroidManifest.xml:26:22-78
uses-feature#android.hardware.usb.host
ADDED from [:unityLibrary] AndroidManifest.xml:28:5-62
	android:name
		ADDED from [:unityLibrary] AndroidManifest.xml:28:19-59
uses-feature#0x00020000
ADDED from [:unityLibrary] AndroidManifest.xml:29:5-54
	android:glEsVersion
		ADDED from [:unityLibrary] AndroidManifest.xml:29:19-51
uses-feature#android.software.vr.mode
ADDED from [:unityLibrary] AndroidManifest.xml:31:5-33:36
	android:required
		ADDED from [:unityLibrary] AndroidManifest.xml:33:9-33
	android:name
		ADDED from [:unityLibrary] AndroidManifest.xml:32:9-48
uses-feature#android.hardware.vr.high_performance
ADDED from [:unityLibrary] AndroidManifest.xml:34:5-36:36
	android:required
		ADDED from [:unityLibrary] AndroidManifest.xml:36:9-33
	android:name
		ADDED from [:unityLibrary] AndroidManifest.xml:35:9-60
uses-feature#android.hardware.vulkan.version
ADDED from [:unityLibrary] AndroidManifest.xml:37:5-39:36
	android:required
		ADDED from [:unityLibrary] AndroidManifest.xml:39:9-33
	android:name
		ADDED from [:unityLibrary] AndroidManifest.xml:38:9-55
uses-feature#android.hardware.touchscreen
ADDED from [:unityLibrary] AndroidManifest.xml:40:5-42:36
	android:required
		ADDED from [:unityLibrary] AndroidManifest.xml:42:9-33
	android:name
		ADDED from [:unityLibrary] AndroidManifest.xml:41:9-52
uses-feature#android.hardware.touchscreen.multitouch
ADDED from [:unityLibrary] AndroidManifest.xml:43:5-45:36
	android:required
		ADDED from [:unityLibrary] AndroidManifest.xml:45:9-33
	android:name
		ADDED from [:unityLibrary] AndroidManifest.xml:44:9-63
uses-feature#android.hardware.touchscreen.multitouch.distinct
ADDED from [:unityLibrary] AndroidManifest.xml:46:5-48:36
	android:required
		ADDED from [:unityLibrary] AndroidManifest.xml:48:9-33
	android:name
		ADDED from [:unityLibrary] AndroidManifest.xml:47:9-72
activity#com.unity3d.player.UnityPlayerActivity
ADDED from [:unityLibrary] AndroidManifest.xml:53:9-74:20
	android:screenOrientation
		ADDED from [:unityLibrary] AndroidManifest.xml:59:13-51
	android:label
		ADDED from [:unityLibrary] AndroidManifest.xml:57:13-45
	android:launchMode
		ADDED from [:unityLibrary] AndroidManifest.xml:58:13-44
	android:hardwareAccelerated
		ADDED from [:unityLibrary] AndroidManifest.xml:56:13-48
	android:configChanges
		ADDED from [:unityLibrary] AndroidManifest.xml:55:13-194
	android:name
		ADDED from [:unityLibrary] AndroidManifest.xml:54:13-66
intent-filter#action:name:android.intent.action.MAIN+category:name:android.intent.category.LAUNCHER+category:name:com.google.intent.category.CARDBOARD+category:name:com.nuitrack.intent.category.VICOVR
ADDED from [:unityLibrary] AndroidManifest.xml:60:13-66:29
action#android.intent.action.MAIN
ADDED from [:unityLibrary] AndroidManifest.xml:61:17-69
	android:name
		ADDED from [:unityLibrary] AndroidManifest.xml:61:25-66
category#android.intent.category.LAUNCHER
ADDED from [:unityLibrary] AndroidManifest.xml:63:17-77
	android:name
		ADDED from [:unityLibrary] AndroidManifest.xml:63:27-74
category#com.google.intent.category.CARDBOARD
ADDED from [:unityLibrary] AndroidManifest.xml:64:17-81
	android:name
		ADDED from [:unityLibrary] AndroidManifest.xml:64:27-78
category#com.nuitrack.intent.category.VICOVR
ADDED from [:unityLibrary] AndroidManifest.xml:65:17-80
	android:name
		ADDED from [:unityLibrary] AndroidManifest.xml:65:27-77
meta-data#unityplayer.UnityActivity
ADDED from [:unityLibrary] AndroidManifest.xml:68:13-70:40
	android:value
		ADDED from [:unityLibrary] AndroidManifest.xml:70:17-37
	android:name
		ADDED from [:unityLibrary] AndroidManifest.xml:69:17-57
meta-data#android.notch_support
ADDED from [:unityLibrary] AndroidManifest.xml:71:13-73:40
	android:value
		ADDED from [:unityLibrary] AndroidManifest.xml:73:17-37
	android:name
		ADDED from [:unityLibrary] AndroidManifest.xml:72:17-53
meta-data#IMMERSIVE_MODE
ADDED from [:unityLibrary] AndroidManifest.xml:76:9-78:36
	android:value
		ADDED from [:unityLibrary] AndroidManifest.xml:78:13-33
	android:name
		ADDED from [:unityLibrary] AndroidManifest.xml:77:13-42
meta-data#unity.splash-mode
ADDED from [:unityLibrary] AndroidManifest.xml:79:9-81:33
	android:value
		ADDED from [:unityLibrary] AndroidManifest.xml:81:13-30
	android:name
		ADDED from [:unityLibrary] AndroidManifest.xml:80:13-45
meta-data#unity.splash-enable
ADDED from [:unityLibrary] AndroidManifest.xml:82:9-84:36
	android:value
		ADDED from [:unityLibrary] AndroidManifest.xml:84:13-33
	android:name
		ADDED from [:unityLibrary] AndroidManifest.xml:83:13-47
meta-data#notch.config
ADDED from [:unityLibrary] AndroidManifest.xml:85:9-87:50
	android:value
		ADDED from [:unityLibrary] AndroidManifest.xml:87:13-47
	android:name
		ADDED from [:unityLibrary] AndroidManifest.xml:86:13-40
meta-data#unity.build-id
ADDED from [:unityLibrary] AndroidManifest.xml:88:9-90:68
	android:value
		ADDED from [:unityLibrary] AndroidManifest.xml:90:13-65
	android:name
		ADDED from [:unityLibrary] AndroidManifest.xml:89:13-42